<?xml version="1.0" encoding="UTF-8"?>
<testsuite xmlns:xsi="http://www.w3.org/2001/XMLSchema-instance" xsi:noNamespaceSchemaLocation="https://maven.apache.org/surefire/maven-surefire-plugin/xsd/surefire-test-report.xsd" name="iis.AppTest" time="0.061" tests="9" errors="0" skipped="0" failures="0">
  <properties>
[...]
</properties>
  <testcase name="testMultiplication" classname="iis.AppTest" time="0.012"/>
  <testcase name="testFrancMultiplication" classname="iis.AppTest" time="0.002"/>
  <testcase name="testEquality" classname="iis.AppTest" time="0"/>
  <testcase name="testCurrency" classname="iis.AppTest" time="0"/>
  <testcase name="testSimpleAddition" classname="iis.AppTest" time="0.015"/>
  <testcase name="testPlusReturnsSum" classname="iis.AppTest" time="0"/>
  <testcase name="testApp" classname="iis.AppTest" time="0"/>
  <testcase name="testReduceSum" classname="iis.AppTest" time="0"/>
  <testcase name="testReduceMoney" classname="iis.AppTest" time="0"/>
</testsuite>